<?xml version="1.0" encoding="UTF-8"?>
<testng-results skipped="0" failed="0" ignored="0" total="2" passed="2">
  <reporter-output>
  </reporter-output>
  <suite name="Default suite" duration-ms="11218" started-at="2017-04-24T17:11:34Z" finished-at="2017-04-24T17:11:45Z">
    <groups>
    </groups>
    <test name="Default test" duration-ms="11218" started-at="2017-04-24T17:11:34Z" finished-at="2017-04-24T17:11:45Z">
      <class name="Facebook.RunTest">
        <test-method status="PASS" signature="SetUp()[pri:0, instance:Facebook.RunTest@3c756e4d]" name="SetUp" duration-ms="7564" started-at="2017-04-24T18:11:34Z" finished-at="2017-04-24T18:11:41Z">
          <reporter-output>
          </reporter-output>
        </test-method> <!-- SetUp -->
        <test-method status="PASS" signature="LoginFacebook()[pri:0, instance:Facebook.RunTest@3c756e4d]" name="LoginFacebook" duration-ms="3622" started-at="2017-04-24T18:11:41Z" finished-at="2017-04-24T18:11:45Z">
          <reporter-output>
          </reporter-output>
        </test-method> <!-- LoginFacebook -->
      </class> <!-- Facebook.RunTest -->
    </test> <!-- Default test -->
  </suite> <!-- Default suite -->
</testng-results>
